<?xml version="1.0" encoding="UTF-8"?>
<testsuite name="g24.model.element.monsters.ZombieTest" tests="2" skipped="0" failures="0" errors="0" timestamp="2020-06-02T13:47:32" hostname="monchai-XPS-15-9570" time="0.005">
  <properties/>
  <testcase name="test" classname="g24.model.element.monsters.ZombieTest" time="0.004"/>
  <testcase name="getPower" classname="g24.model.element.monsters.ZombieTest" time="0.0"/>
  <system-out><![CDATA[]]></system-out>
  <system-err><![CDATA[]]></system-err>
</testsuite>
