<?xml version="1.0" encoding="UTF-8"?>
<testsuite name="g24.controller.map.TimeControllerTest" tests="3" skipped="0" failures="0" errors="0" timestamp="2020-06-02T13:47:30" hostname="monchai-XPS-15-9570" time="1.214">
  <properties/>
  <testcase name="removeObserver" classname="g24.controller.map.TimeControllerTest" time="0.022"/>
  <testcase name="addObserver" classname="g24.controller.map.TimeControllerTest" time="0.002"/>
  <testcase name="updateTime" classname="g24.controller.map.TimeControllerTest" time="1.19"/>
  <system-out><![CDATA[]]></system-out>
  <system-err><![CDATA[]]></system-err>
</testsuite>
