<?xml version="1.0" encoding="UTF-8"?>
<testsuite name="g24.model.element.HealthTest" tests="5" skipped="0" failures="0" errors="0" timestamp="2020-06-02T13:47:32" hostname="monchai-XPS-15-9570" time="0.001">
  <properties/>
  <testcase name="isZero" classname="g24.model.element.HealthTest" time="0.0"/>
  <testcase name="increaseHealth" classname="g24.model.element.HealthTest" time="0.0"/>
  <testcase name="setHealth" classname="g24.model.element.HealthTest" time="0.0"/>
  <testcase name="getHealth" classname="g24.model.element.HealthTest" time="0.0"/>
  <testcase name="decreaseHealth" classname="g24.model.element.HealthTest" time="0.0"/>
  <system-out><![CDATA[]]></system-out>
  <system-err><![CDATA[]]></system-err>
</testsuite>
