<?xml version="1.0" encoding="UTF-8"?>
<testsuite name="g24.controller.map.ScoreControllerTest" tests="3" skipped="0" failures="0" errors="0" timestamp="2020-06-02T13:47:32" hostname="monchai-XPS-15-9570" time="0.024">
  <properties/>
  <testcase name="removeObserver" classname="g24.controller.map.ScoreControllerTest" time="0.021"/>
  <testcase name="addObserver" classname="g24.controller.map.ScoreControllerTest" time="0.001"/>
  <testcase name="updateScore" classname="g24.controller.map.ScoreControllerTest" time="0.002"/>
  <system-out><![CDATA[]]></system-out>
  <system-err><![CDATA[]]></system-err>
</testsuite>
