<?xml version="1.0" encoding="UTF-8"?>
<testsuite name="g24.controller.commands.button.ExitCommandTest" tests="1" skipped="0" failures="0" errors="0" timestamp="2020-06-02T13:47:30" hostname="monchai-XPS-15-9570" time="0.001">
  <properties/>
  <testcase name="test1" classname="g24.controller.commands.button.ExitCommandTest" time="0.001"/>
  <system-out><![CDATA[]]></system-out>
  <system-err><![CDATA[]]></system-err>
</testsuite>
