<?xml version="1.0" encoding="UTF-8"?>
<testsuite name="g24.model.element.PositionsTest" tests="4" skipped="0" failures="0" errors="0" timestamp="2020-06-02T13:47:32" hostname="monchai-XPS-15-9570" time="0.026">
  <properties/>
  <testcase name="movement" classname="g24.model.element.PositionsTest" time="0.005"/>
  <testcase name="getPositionOrder" classname="g24.model.element.PositionsTest" time="0.005"/>
  <testcase name="collide" classname="g24.model.element.PositionsTest" time="0.006"/>
  <testcase name="getPositions" classname="g24.model.element.PositionsTest" time="0.01"/>
  <system-out><![CDATA[]]></system-out>
  <system-err><![CDATA[]]></system-err>
</testsuite>
