<?xml version="1.0" encoding="UTF-8"?>
<testsuite name="g24.view.lanterna.menu.LanternaGameOverViewTest" tests="3" skipped="0" failures="0" errors="0" timestamp="2020-06-02T13:47:29" hostname="monchai-XPS-15-9570" time="0.034">
  <properties/>
  <testcase name="testDraw" classname="g24.view.lanterna.menu.LanternaGameOverViewTest" time="0.03"/>
  <testcase name="testExit" classname="g24.view.lanterna.menu.LanternaGameOverViewTest" time="0.003"/>
  <testcase name="getCommand" classname="g24.view.lanterna.menu.LanternaGameOverViewTest" time="0.001"/>
  <system-out><![CDATA[]]></system-out>
  <system-err><![CDATA[]]></system-err>
</testsuite>
