<?xml version="1.0" encoding="UTF-8"?>
<testsuite name="g24.view.lanterna.menu.LanternaButtonViewTest" tests="2" skipped="0" failures="0" errors="0" timestamp="2020-06-02T13:47:29" hostname="monchai-XPS-15-9570" time="0.082">
  <properties/>
  <testcase name="drawTest" classname="g24.view.lanterna.menu.LanternaButtonViewTest" time="0.07"/>
  <testcase name="drawTest2" classname="g24.view.lanterna.menu.LanternaButtonViewTest" time="0.012"/>
  <system-out><![CDATA[]]></system-out>
  <system-err><![CDATA[]]></system-err>
</testsuite>
