<?xml version="1.0" encoding="UTF-8"?>
<testsuite name="g24.controller.state.GameOverStateTest" tests="2" skipped="0" failures="0" errors="0" timestamp="2020-06-02T13:47:29" hostname="monchai-XPS-15-9570" time="0.025">
  <properties/>
  <testcase name="update" classname="g24.controller.state.GameOverStateTest" time="0.023"/>
  <testcase name="other" classname="g24.controller.state.GameOverStateTest" time="0.001"/>
  <system-out><![CDATA[]]></system-out>
  <system-err><![CDATA[]]></system-err>
</testsuite>
