<?xml version="1.0" encoding="UTF-8"?>
<testsuite name="g24.view.lanterna.menu.LanternaMenuViewTest" tests="2" skipped="0" failures="0" errors="0" timestamp="2020-06-02T13:47:28" hostname="monchai-XPS-15-9570" time="0.509">
  <properties/>
  <testcase name="testDraw" classname="g24.view.lanterna.menu.LanternaMenuViewTest" time="0.506"/>
  <testcase name="testExit" classname="g24.view.lanterna.menu.LanternaMenuViewTest" time="0.003"/>
  <system-out><![CDATA[]]></system-out>
  <system-err><![CDATA[]]></system-err>
</testsuite>
