<?xml version="1.0" encoding="UTF-8"?>
<testsuite name="g24.model.element.WallTest" tests="1" skipped="0" failures="0" errors="0" timestamp="2020-06-02T13:47:32" hostname="monchai-XPS-15-9570" time="0.001">
  <properties/>
  <testcase name="test" classname="g24.model.element.WallTest" time="0.001"/>
  <system-out><![CDATA[]]></system-out>
  <system-err><![CDATA[]]></system-err>
</testsuite>
